<?xml version="1.0" encoding="UTF-8"?>
<!-- Generated by org.testng.reporters.JUnitXMLReporter -->
<testsuite ignored="0" hostname="UYOYO-OGHEN8571" failures="0" tests="2" name="Default test" time="49.595" errors="0" timestamp="2024-01-18T00:09:33 GMT">
  <testcase classname="io.cucumber.testng.AbstractTestNGCucumberTests" name="runScenario" time="25.854"/>
  <testcase classname="io.cucumber.testng.AbstractTestNGCucumberTests" name="runScenario" time="23.356"/>
</testsuite> <!-- Default test -->
