<?xml version="1.0" encoding="UTF-8"?>
<!-- Generated by org.testng.reporters.JUnitXMLReporter -->
<testsuite ignored="0" hostname="UYOYO-OGHEN8571" failures="0" tests="2" name="Default test" time="47.603" errors="0" timestamp="2024-01-17T21:54:17 GMT">
  <testcase classname="io.cucumber.testng.AbstractTestNGCucumberTests" name="runScenario" time="26.01"/>
  <testcase classname="io.cucumber.testng.AbstractTestNGCucumberTests" name="runScenario" time="21.134"/>
</testsuite> <!-- Default test -->
