<?xml version="1.0" encoding="UTF-8"?>
<testng-results ignored="0" total="2" passed="2" failed="0" skipped="0">
  <reporter-output>
  </reporter-output>
  <suite started-at="2024-01-17T21:53:30 GMT" name="Default suite" finished-at="2024-01-17T21:54:17 GMT" duration-ms="47603">
    <groups>
      <group name="cucumber">
        <method signature="AbstractTestNGCucumberTests.runScenario(io.cucumber.testng.PickleWrapper,io.cucumber.testng.FeatureWrapper)[pri:0, instance:RunnerPackage.AmazonCucumberRunner@4d1c005e]" name="runScenario" class="io.cucumber.testng.AbstractTestNGCucumberTests"/>
      </group> <!-- cucumber -->
    </groups>
    <test started-at="2024-01-17T21:53:30 GMT" name="Default test" finished-at="2024-01-17T21:54:17 GMT" duration-ms="47603">
      <class name="RunnerPackage.AmazonCucumberRunner">
        <test-method is-config="true" signature="setUpClass(org.testng.ITestContext)[pri:0, instance:RunnerPackage.AmazonCucumberRunner@4d1c005e]" started-at="2024-01-17T21:53:30 GMT" name="setUpClass" finished-at="2024-01-17T21:53:30 GMT" duration-ms="385" status="PASS">
          <params>
            <param index="0">
              <value>
                <![CDATA[org.testng.TestRunner@4779aae6]]>
              </value>
            </param>
          </params>
          <reporter-output>
          </reporter-output>
        </test-method> <!-- setUpClass -->
        <test-method signature="runScenario(io.cucumber.testng.PickleWrapper,io.cucumber.testng.FeatureWrapper)[pri:0, instance:RunnerPackage.AmazonCucumberRunner@4d1c005e]" started-at="2024-01-17T21:53:30 GMT" name="runScenario" description="Runs Cucumber Scenarios" data-provider="scenarios" finished-at="2024-01-17T21:53:56 GMT" duration-ms="26010" status="PASS">
          <params>
            <param index="0">
              <value>
                <![CDATA["Adding a “Monitor”” Item in Cart and verifying sub total"]]>
              </value>
            </param>
            <param index="1">
              <value>
                <![CDATA["Adding Item in Cart and verifying sub total"]]>
              </value>
            </param>
          </params>
          <reporter-output>
          </reporter-output>
        </test-method> <!-- runScenario -->
        <test-method signature="runScenario(io.cucumber.testng.PickleWrapper,io.cucumber.testng.FeatureWrapper)[pri:0, instance:RunnerPackage.AmazonCucumberRunner@4d1c005e]" started-at="2024-01-17T21:53:56 GMT" name="runScenario" description="Runs Cucumber Scenarios" data-provider="scenarios" finished-at="2024-01-17T21:54:17 GMT" duration-ms="21134" status="PASS">
          <params>
            <param index="0">
              <value>
                <![CDATA["Adding a “Laptop” Item in Cart and verifying sub total"]]>
              </value>
            </param>
            <param index="1">
              <value>
                <![CDATA["Adding Item in Cart and verifying sub total"]]>
              </value>
            </param>
          </params>
          <reporter-output>
          </reporter-output>
        </test-method> <!-- runScenario -->
        <test-method is-config="true" signature="tearDownClass()[pri:0, instance:RunnerPackage.AmazonCucumberRunner@4d1c005e]" started-at="2024-01-17T21:54:17 GMT" name="tearDownClass" finished-at="2024-01-17T21:54:17 GMT" duration-ms="0" status="PASS">
          <reporter-output>
          </reporter-output>
        </test-method> <!-- tearDownClass -->
      </class> <!-- RunnerPackage.AmazonCucumberRunner -->
    </test> <!-- Default test -->
  </suite> <!-- Default suite -->
</testng-results>
